tapcardinputblockkit/build/intermediates/manifest_merge_blame_file/debug/manifest-merger-blame-debug-report.txt
1<?xml version="1.0" encoding="utf-8"?>
2<manifest xmlns:android="http://schemas.android.com/apk/res/android"
3    package="company.tap.tapcardinputkit"
4    android:versionCode="1"
5    android:versionName="1.0" >
6
7    <uses-sdk
8        android:minSdkVersion="21"
8-->src/main/AndroidManifest.xml
9        android:targetSdkVersion="29" />
9-->src/main/AndroidManifest.xml
10
11    <application
11-->src/main/AndroidManifest.xml:3:1-6:7
12        android:hardwareAccelerated="false"
12-->src/main/AndroidManifest.xml:5:5-40
13        android:largeHeap="true" />
13-->src/main/AndroidManifest.xml:4:5-29
14
15</manifest>